Using pre-set license
Built from '2020.3/release' branch; Version is '2020.3.15f2 (6cf78cb77498) revision 7141260'; Using compiler version '192528614'; Build Type 'Release'
OS: 'Windows 10 Home; OS build 19042.1237; Version 2009; 64bit' Language: 'en' Physical Memory: 16249 MB
BatchMode: 1, IsHumanControllingUs: 0, StartBugReporterOnCrash: 0, Is64bit: 1, IsPro: 0

 COMMAND LINE ARGUMENTS:
D:\New Folder\Unity\Editor\Unity.exe
-adb2
-batchMode
-noUpm
-name
AssetImportWorker0
-projectPath
D:/ShootyPewPewItFollows/BL2FPSHorror
-logFile
Logs/AssetImportWorker0.log
-srvPort
63314
Successfully changed project path to: D:/ShootyPewPewItFollows/BL2FPSHorror
D:/ShootyPewPewItFollows/BL2FPSHorror
Using Asset Import Pipeline V2.
Refreshing native plugins compatible for Editor in 74.38 ms, found 2 plugins.
Preloading 0 native plugins for Editor in 0.00 ms.
Initialize engine version: 2020.3.15f2 (6cf78cb77498)
[Subsystems] Discovering subsystems at path D:/New Folder/Unity/Editor/Data/Resources/UnitySubsystems
[Subsystems] Discovering subsystems at path D:/ShootyPewPewItFollows/BL2FPSHorror/Assets
GfxDevice: creating device client; threaded=0
Direct3D:
    Version:  Direct3D 11.0 [level 11.1]
    Renderer: NVIDIA GeForce GTX 1060 with Max-Q Design (ID=0x1c20)
    Vendor:   
    VRAM:     6052 MB
    Driver:   27.21.14.6231
Shader 'Universal Render Pipeline/Particles/Lit': fallback shader 'Universal Render Pipeline/Particles/SimpleLit' not found
Initialize mono
Mono path[0] = 'D:/New Folder/Unity/Editor/Data/Managed'
Mono path[1] = 'D:/New Folder/Unity/Editor/Data/MonoBleedingEdge/lib/mono/unityjit'
Mono config path = 'D:/New Folder/Unity/Editor/Data/MonoBleedingEdge/etc'
Using monoOptions --debugger-agent=transport=dt_socket,embedding=1,server=y,suspend=n,address=127.0.0.1:56600
Begin MonoManager ReloadAssembly
Registering precompiled unity dll's ...
Register platform support module: D:/New Folder/Unity/Editor/Data/PlaybackEngines/WindowsStandaloneSupport/UnityEditor.WindowsStandalone.Extensions.dll
Registered in 0.001495 seconds.
Native extension for WindowsStandalone target not found
Refreshing native plugins compatible for Editor in 68.77 ms, found 2 plugins.
Preloading 0 native plugins for Editor in 0.00 ms.
Mono: successfully reloaded assembly
- Completed reload, in  1.493 seconds
Domain Reload Profiling:
	ReloadAssembly (1494ms)
		BeginReloadAssembly (80ms)
			ExecutionOrderSort (0ms)
			DisableScriptedObjects (0ms)
			BackupInstance (0ms)
			ReleaseScriptingObjects (0ms)
			CreateAndSetChildDomain (1ms)
		EndReloadAssembly (549ms)
			LoadAssemblies (79ms)
			RebuildTransferFunctionScriptingTraits (0ms)
			SetupTypeCache (197ms)
			ReleaseScriptCaches (0ms)
			RebuildScriptCaches (38ms)
			SetupLoadedEditorAssemblies (204ms)
				LogAssemblyErrors (0ms)
				InitializePlatformSupportModulesInManaged (4ms)
				SetLoadedEditorAssemblies (0ms)
				RefreshPlugins (69ms)
				BeforeProcessingInitializeOnLoad (10ms)
				ProcessInitializeOnLoadAttributes (89ms)
				ProcessInitializeOnLoadMethodAttributes (31ms)
				AfterProcessingInitializeOnLoad (0ms)
				EditorAssembliesLoaded (0ms)
			ExecutionOrderSort2 (0ms)
			AwakeInstancesAfterBackupRestoration (0ms)
Platform modules already initialized, skipping
Registering precompiled user dll's ...
Registered in 0.005302 seconds.
Begin MonoManager ReloadAssembly
Native extension for WindowsStandalone target not found
Refreshing native plugins compatible for Editor in 65.70 ms, found 2 plugins.
Preloading 0 native plugins for Editor in 0.00 ms.
Mono: successfully reloaded assembly
- Completed reload, in  1.604 seconds
Domain Reload Profiling:
	ReloadAssembly (1605ms)
		BeginReloadAssembly (208ms)
			ExecutionOrderSort (0ms)
			DisableScriptedObjects (7ms)
			BackupInstance (0ms)
			ReleaseScriptingObjects (0ms)
			CreateAndSetChildDomain (23ms)
		EndReloadAssembly (1322ms)
			LoadAssemblies (144ms)
			RebuildTransferFunctionScriptingTraits (0ms)
			SetupTypeCache (416ms)
			ReleaseScriptCaches (1ms)
			RebuildScriptCaches (66ms)
			SetupLoadedEditorAssemblies (562ms)
				LogAssemblyErrors (0ms)
				InitializePlatformSupportModulesInManaged (3ms)
				SetLoadedEditorAssemblies (0ms)
				RefreshPlugins (66ms)
				BeforeProcessingInitializeOnLoad (141ms)
				ProcessInitializeOnLoadAttributes (341ms)
				ProcessInitializeOnLoadMethodAttributes (7ms)
				AfterProcessingInitializeOnLoad (4ms)
				EditorAssembliesLoaded (0ms)
			ExecutionOrderSort2 (0ms)
			AwakeInstancesAfterBackupRestoration (9ms)
Platform modules already initialized, skipping
========================================================================
Worker process is ready to serve import requests
Shader 'Universal Render Pipeline/Particles/Lit': fallback shader 'Universal Render Pipeline/Particles/SimpleLit' not found
Launched and connected shader compiler UnityShaderCompiler.exe after 0.09 seconds
Refreshing native plugins compatible for Editor in 0.90 ms, found 2 plugins.
Preloading 0 native plugins for Editor in 0.00 ms.
Unloading 3038 Unused Serialized files (Serialized files now loaded: 0)
System memory in use before: 133.6 MB.
System memory in use after: 133.8 MB.

Unloading 21 unused Assets to reduce memory usage. Loaded Objects now: 3472.
Total: 4.246700 ms (FindLiveObjects: 0.438500 ms CreateObjectMapping: 0.253600 ms MarkObjects: 3.397700 ms  DeleteObjects: 0.155200 ms)

AssetImportParameters requested are different than current active one (requested -> active):
  custom:framework-win-MediaFoundation: 216162199b28c13a410421893ffa2e32 -> 
  custom:video-decoder-ogg-theora: a1e56fd34408186e4bbccfd4996cb3dc -> 
  custom:container-muxer-webm: aa71ff27fc2769a1b78a27578f13a17b -> 
  custom:container-demuxer-webm: 4f35f7cbe854078d1ac9338744f61a02 -> 
  custom:container-demuxer-ogg: 62fdf1f143b41e24485cea50d1cbac27 -> 
  custom:video-encoder-webm-vp8: eb34c28f22e8b96e1ab97ce403110664 -> 
  custom:video-codec-MediaFoundation-h265: 746d11721c4dcdbdad8f713fa42b33f4 -> 
  custom:video-decoder-webm-vp8: 9c59270c3fd7afecdb556c50c9e8de78 -> 
  custom:audio-decoder-ogg-vorbis: bf7c407c2cedff20999df2af8eb42d56 -> 
  custom:audio-encoder-webm-vorbis: bf7c407c2cedff20999df2af8eb42d56 -> 
========================================================================
Received Import Request.
  path: Assets/FBX
  artifactKey: Guid(d3483dce38abfc34ba3535afe6334fab) Importer(815301076,1909f56bfc062723c751e8b465ee728b)
Start importing Assets/FBX using Guid(d3483dce38abfc34ba3535afe6334fab) Importer(815301076,1909f56bfc062723c751e8b465ee728b)  -> (artifact id: 'f6d68a9d2c03bbc5c7ba88f2a2ccc00f') in 0.030828 seconds 
  Import took 0.038156 seconds .

========================================================================
Received Import Request.
  Time since last request: 268.486825 seconds.
  path: Assets/robTestScene/New Material 1.mat
  artifactKey: Guid(88a915b60be8ed04b8d637ccae0ebb44) Importer(815301076,1909f56bfc062723c751e8b465ee728b)
Start importing Assets/robTestScene/New Material 1.mat using Guid(88a915b60be8ed04b8d637ccae0ebb44) Importer(815301076,1909f56bfc062723c751e8b465ee728b)  -> (artifact id: '013c3876ce7b836d48685955c334f6ef') in 0.364506 seconds 
  Import took 0.373291 seconds .

========================================================================
Received Import Request.
  Time since last request: 0.000236 seconds.
  path: Assets/robTestScene/plyCont.prefab
  artifactKey: Guid(438c021639c68a84dadac85d1b124a3b) Importer(815301076,1909f56bfc062723c751e8b465ee728b)
Start importing Assets/robTestScene/plyCont.prefab using Guid(438c021639c68a84dadac85d1b124a3b) Importer(815301076,1909f56bfc062723c751e8b465ee728b)  -> (artifact id: '727bdc797c971ccd4d488920f07fb039') in 0.101409 seconds 
  Import took 0.107493 seconds .

========================================================================
Received Import Request.
  Time since last request: 0.000365 seconds.
  path: Assets/robTestScene/zombieTest.prefab
  artifactKey: Guid(d766244021545d142b88a1ef8b5c58bb) Importer(815301076,1909f56bfc062723c751e8b465ee728b)
Start importing Assets/robTestScene/zombieTest.prefab using Guid(d766244021545d142b88a1ef8b5c58bb) Importer(815301076,1909f56bfc062723c751e8b465ee728b)  -> (artifact id: '2916752f13ac73dbd7ffc68724ffd259') in 0.030949 seconds 
  Import took 0.039661 seconds .

========================================================================
Received Import Request.
  Time since last request: 0.000309 seconds.
  path: Assets/robTestScene/New Material.mat
  artifactKey: Guid(d509d1fea2a4af945a659a878562a963) Importer(815301076,1909f56bfc062723c751e8b465ee728b)
Start importing Assets/robTestScene/New Material.mat using Guid(d509d1fea2a4af945a659a878562a963) Importer(815301076,1909f56bfc062723c751e8b465ee728b)  -> (artifact id: 'a5bf9957aba4997a6ba275ad265baf58') in 0.034065 seconds 
  Import took 0.041761 seconds .

========================================================================
Received Import Request.
  Time since last request: 121.614001 seconds.
  path: Assets/FBX/m1911-modelling1.blend
  artifactKey: Guid(aa02fb0982193134a841cb83414baf89) Importer(815301076,1909f56bfc062723c751e8b465ee728b)
Start importing Assets/FBX/m1911-modelling1.blend using Guid(aa02fb0982193134a841cb83414baf89) Importer(815301076,1909f56bfc062723c751e8b465ee728b)  -> (artifact id: '1bc12423ea74e7a047832d8afff3bc52') in 0.365555 seconds 
  Import took 0.373507 seconds .

AssetImportWorkerClient::OnTransportError - code=2 error=End of file
